mode: count
/Users/timo/workspace/flacvorbis/util.go:9.36,11.66 2 8
/Users/timo/workspace/flacvorbis/util.go:14.2,14.20 1 8
/Users/timo/workspace/flacvorbis/util.go:11.66,12.13 1 0
/Users/timo/workspace/flacvorbis/util.go:17.54,20.2 2 15
/Users/timo/workspace/flacvorbis/util.go:22.37,26.2 3 7
/Users/timo/workspace/flacvorbis/vorbis.go:17.40,22.2 1 1
/Users/timo/workspace/flacvorbis/vorbis.go:26.72,28.33 2 8
/Users/timo/workspace/flacvorbis/vorbis.go:37.2,37.17 1 8
/Users/timo/workspace/flacvorbis/vorbis.go:28.33,30.18 2 48
/Users/timo/workspace/flacvorbis/vorbis.go:33.3,33.35 1 48
/Users/timo/workspace/flacvorbis/vorbis.go:30.18,32.4 1 0
/Users/timo/workspace/flacvorbis/vorbis.go:33.35,35.4 1 8
/Users/timo/workspace/flacvorbis/vorbis.go:41.72,42.27 1 1
/Users/timo/workspace/flacvorbis/vorbis.go:47.2,48.12 2 1
/Users/timo/workspace/flacvorbis/vorbis.go:42.27,43.48 1 5
/Users/timo/workspace/flacvorbis/vorbis.go:43.48,45.4 1 0
/Users/timo/workspace/flacvorbis/vorbis.go:52.66,56.33 4 1
/Users/timo/workspace/flacvorbis/vorbis.go:59.2,62.3 1 1
/Users/timo/workspace/flacvorbis/vorbis.go:56.33,58.3 1 6
/Users/timo/workspace/flacvorbis/vorbis.go:66.91,67.37 1 2
/Users/timo/workspace/flacvorbis/vorbis.go:71.2,75.16 4 2
/Users/timo/workspace/flacvorbis/vorbis.go:78.2,80.16 3 2
/Users/timo/workspace/flacvorbis/vorbis.go:83.2,83.26 1 2
/Users/timo/workspace/flacvorbis/vorbis.go:86.2,89.16 3 2
/Users/timo/workspace/flacvorbis/vorbis.go:92.2,93.30 2 2
/Users/timo/workspace/flacvorbis/vorbis.go:108.2,108.17 1 2
/Users/timo/workspace/flacvorbis/vorbis.go:67.37,69.3 1 0
/Users/timo/workspace/flacvorbis/vorbis.go:75.16,77.3 1 0
/Users/timo/workspace/flacvorbis/vorbis.go:80.16,82.3 1 0
/Users/timo/workspace/flacvorbis/vorbis.go:83.26,85.3 1 0
/Users/timo/workspace/flacvorbis/vorbis.go:89.16,91.3 1 0
/Users/timo/workspace/flacvorbis/vorbis.go:93.30,95.17 2 11
/Users/timo/workspace/flacvorbis/vorbis.go:98.3,100.17 3 11
/Users/timo/workspace/flacvorbis/vorbis.go:103.3,103.24 1 11
/Users/timo/workspace/flacvorbis/vorbis.go:106.3,106.37 1 11
/Users/timo/workspace/flacvorbis/vorbis.go:95.17,97.4 1 0
/Users/timo/workspace/flacvorbis/vorbis.go:100.17,102.4 1 0
/Users/timo/workspace/flacvorbis/vorbis.go:103.24,105.4 1 0
